TN:
SF:/home/ubuntu/workspace/entities/src/core/component-manager.js
FN:2,ComponentManager
FN:17,(anonymous_10)
FN:20,(anonymous_11)
FNF:3
FNH:3
FNDA:127,ComponentManager
FNDA:3001,(anonymous_10)
FNDA:7302,(anonymous_11)
DA:2,127
DA:3,127
DA:7,5112
DA:9,5112
DA:10,4
DA:13,5108
DA:15,401
DA:17,3001
DA:18,3001
DA:20,7302
DA:22,3001
DA:26,1706
DA:31,27
DA:32,7
DA:35,20
DA:36,2
DA:39,18
DA:41,18
DA:45,1302
LF:19
LH:19
BRDA:9,1,0,4
BRDA:9,1,1,5108
BRDA:14,2,0,401
BRDA:14,2,1,3001
BRDA:14,2,2,1706
BRDA:13,3,0,0
BRDA:13,3,1,5108
BRDA:31,4,0,7
BRDA:31,4,1,20
BRDA:31,5,0,27
BRDA:31,5,1,21
BRDA:35,6,0,2
BRDA:35,6,1,18
BRDA:35,7,0,20
BRDA:35,7,1,19
BRF:15
BRH:14
end_of_record
TN:
SF:/home/ubuntu/workspace/entities/src/core/entity-factory.js
FN:4,EntityFactory
FNF:1
FNH:1
FNDA:139,EntityFactory
DA:1,1
DA:4,139
DA:5,139
DA:6,139
DA:10,32
DA:11,7
DA:14,25
DA:15,8
DA:18,17
DA:22,5
DA:24,5
DA:28,15
DA:29,3
DA:32,12
DA:33,10
DA:36,12
DA:38,12
DA:42,5
DA:45,167
DA:46,24
DA:47,7
DA:50,17
DA:52,17
DA:54,48
DA:55,48
DA:58,17
DA:60,1643
DA:63,165
DA:64,1
DA:67,1893
DA:68,631
DA:69,4
DA:72,627
DA:74,627
DA:75,315
DA:79,164
DA:82,17
LF:37
LH:37
BRDA:10,1,0,7
BRDA:10,1,1,25
BRDA:10,2,0,32
BRDA:10,2,1,26
BRDA:14,3,0,8
BRDA:14,3,1,17
BRDA:28,4,0,3
BRDA:28,4,1,12
BRDA:28,5,0,15
BRDA:28,5,1,12
BRDA:32,6,0,10
BRDA:32,6,1,2
BRDA:45,7,0,15
BRDA:45,7,1,9
BRDA:45,8,0,24
BRDA:45,8,1,10
BRDA:45,9,0,18
BRDA:45,9,1,6
BRDA:45,10,0,24
BRDA:45,10,1,8
BRDA:46,11,0,7
BRDA:46,11,1,17
BRDA:50,12,0,17
BRDA:50,12,1,11
BRDA:45,13,0,17
BRDA:45,13,1,34
BRDA:63,14,0,1
BRDA:63,14,1,164
BRDA:68,15,0,4
BRDA:68,15,1,627
BRDA:74,16,0,315
BRDA:74,16,1,312
BRDA:74,17,0,627
BRDA:74,17,1,315
BRDA:60,18,0,164
BRDA:60,18,1,328
BRDA:82,19,0,11
BRDA:82,19,1,6
BRF:38
BRH:38
end_of_record
TN:
SF:/home/ubuntu/workspace/entities/src/core/entity-manager.js
FN:7,EntityManager
FN:16,(anonymous_10)
FN:26,(anonymous_12)
FN:82,(anonymous_19)
FN:112,initializer
FN:120,initializer
FNF:6
FNH:6
FNDA:110,EntityManager
FNDA:86900,(anonymous_10)
FNDA:1300,(anonymous_12)
FNDA:91,(anonymous_19)
FNDA:2,initializer
FNDA:2,initializer
DA:1,1
DA:2,1
DA:3,1
DA:4,1
DA:7,220
DA:8,110
DA:9,110
DA:11,110
DA:12,110
DA:13,110
DA:14,110
DA:16,86900
DA:18,110
DA:22,7
DA:24,7
DA:26,1300
DA:28,9100
DA:29,3900
DA:30,3900
DA:36,286
DA:37,10
DA:40,276
DA:42,276
DA:43,16716
DA:44,271
DA:48,276
DA:50,5
DA:53,271
DA:54,266
DA:57,271
DA:59,271
DA:63,14
DA:65,14
DA:66,2
DA:69,12
DA:70,78
DA:71,8
DA:73,8
DA:77,4
DA:82,91
DA:89,12
DA:90,8
DA:93,4
DA:95,4
DA:100,84
DA:101,12
DA:103,1200
DA:104,1200
DA:107,12
DA:109,12
DA:110,4
DA:112,14
DA:113,4
DA:114,4
DA:118,4
DA:120,4
DA:123,12
DA:125,12
DA:129,7
DA:130,2
DA:133,5
DA:137,5
DA:139,5
DA:140,1
DA:143,4
DA:149,1
DA:153,3
DA:157,3
DA:161,3
DA:165,1
DA:168,14
DA:169,4
DA:170,4
DA:174,14
DA:175,4
DA:176,4
DA:180,14
DA:181,4
DA:182,4
DA:189,1
DA:193,3
DA:195,3
DA:199,5
DA:201,5
DA:205,7
DA:207,7
DA:208,5
DA:210,5
DA:211,1
DA:215,6
DA:221,8
DA:225,3
DA:229,2
DA:233,2
LF:94
LH:94
BRDA:7,1,0,78
BRDA:7,1,1,32
BRDA:7,2,0,110
BRDA:7,2,1,32
BRDA:28,3,0,1300
BRDA:28,3,1,2600
BRDA:36,4,0,10
BRDA:36,4,1,276
BRDA:43,5,0,271
BRDA:43,5,1,16445
BRDA:48,6,0,5
BRDA:48,6,1,271
BRDA:53,7,0,266
BRDA:53,7,1,5
BRDA:65,8,0,2
BRDA:65,8,1,12
BRDA:70,9,0,8
BRDA:70,9,1,70
BRDA:82,10,0,147
BRDA:89,11,0,8
BRDA:89,11,1,4
BRDA:89,12,0,12
BRDA:89,12,1,5
BRDA:100,13,0,12
BRDA:100,13,1,24
BRDA:110,14,0,4
BRDA:110,14,1,4
BRDA:110,14,2,4
BRDA:109,15,0,0
BRDA:109,15,1,12
BRDA:112,16,0,2
BRDA:112,16,1,4
BRDA:129,17,0,2
BRDA:129,17,1,5
BRDA:139,18,0,1
BRDA:139,18,1,4
BRDA:168,19,0,2
BRDA:168,19,1,4
BRDA:174,20,0,2
BRDA:174,20,1,4
BRDA:180,21,0,2
BRDA:180,21,1,4
BRDA:207,22,0,5
BRDA:207,22,1,2
BRDA:210,23,0,1
BRDA:210,23,1,4
BRF:46
BRH:45
end_of_record
TN:
SF:/home/ubuntu/workspace/entities/src/core/event-handler.js
FN:3,emptyPromise
FN:4,(anonymous_12)
FN:9,promise
FN:11,(anonymous_14)
FN:12,(anonymous_15)
FN:18,(anonymous_16)
FN:24,EventHandler
FN:39,(anonymous_20)
FNF:8
FNH:8
FNDA:9,emptyPromise
FNDA:9,(anonymous_12)
FNDA:8,promise
FNDA:4,(anonymous_14)
FNDA:4,(anonymous_15)
FNDA:4,(anonymous_16)
FNDA:135,EventHandler
FNDA:14,(anonymous_20)
DA:1,1
DA:3,1
DA:4,9
DA:5,9
DA:9,1
DA:10,8
DA:11,4
DA:12,4
DA:13,4
DA:18,4
DA:19,4
DA:24,135
DA:25,135
DA:29,20
DA:30,7
DA:33,13
DA:34,10
DA:37,13
DA:39,13
DA:40,14
DA:43,13
DA:45,13
DA:47,13
DA:50,119
DA:51,224
DA:52,28
DA:53,19
DA:54,5
DA:59,12
DA:62,52
DA:63,8
DA:65,8
DA:69,8
DA:70,4
DA:73,4
DA:75,4
DA:76,4
DA:79,4
DA:82,64
DA:83,9
DA:85,9
DA:89,9
DA:90,5
DA:93,4
DA:95,4
DA:96,4
DA:99,4
LF:47
LH:47
BRDA:10,1,0,4
BRDA:10,1,1,4
BRDA:13,2,0,4
BRDA:13,2,1,0
BRDA:13,3,0,0
BRDA:13,3,1,4
BRDA:19,4,0,4
BRDA:19,4,1,0
BRDA:19,5,0,0
BRDA:19,5,1,4
BRDA:29,6,0,7
BRDA:29,6,1,13
BRDA:29,7,0,20
BRDA:29,7,1,15
BRDA:33,8,0,10
BRDA:33,8,1,3
BRDA:53,9,0,5
BRDA:53,9,1,14
BRDA:51,10,0,28
BRDA:51,10,1,61
BRDA:50,11,0,17
BRDA:50,11,1,39
BRDA:63,12,0,4
BRDA:63,12,1,4
BRDA:69,13,0,4
BRDA:69,13,1,4
BRDA:69,14,0,8
BRDA:69,14,1,5
BRDA:62,15,0,4
BRDA:62,15,1,8
BRDA:83,16,0,4
BRDA:83,16,1,5
BRDA:89,17,0,5
BRDA:89,17,1,4
BRDA:89,18,0,9
BRDA:89,18,1,6
BRDA:89,18,2,5
BRDA:82,19,0,4
BRDA:82,19,1,8
BRF:39
BRH:35
end_of_record
TN:
SF:/home/ubuntu/workspace/entities/src/core/system-manager.js
FN:8,SystemManager
FNF:1
FNH:1
FNDA:127,SystemManager
DA:1,1
DA:8,127
DA:9,127
DA:10,127
DA:11,127
DA:15,43
DA:16,7
DA:19,36
DA:20,1
DA:23,35
DA:24,6
DA:27,29
DA:28,6
DA:31,23
DA:36,23
DA:37,8
DA:38,8
DA:39,7
DA:42,23
DA:46,14
LF:20
LH:20
BRDA:15,1,0,7
BRDA:15,1,1,36
BRDA:15,2,0,43
BRDA:15,2,1,37
BRDA:19,3,0,1
BRDA:19,3,1,35
BRDA:19,4,0,36
BRDA:19,4,1,16
BRDA:19,4,2,8
BRDA:23,5,0,6
BRDA:23,5,1,29
BRDA:27,6,0,6
BRDA:27,6,1,23
BRDA:37,7,0,8
BRDA:37,7,1,8
BRDA:37,7,2,7
BRDA:46,8,0,14
BRDA:46,8,1,12
BRDA:46,8,2,11
BRF:19
BRH:19
end_of_record
